**********************
Windows PowerShell transcript start
Start time: 20191212100159
Username: DALET\mducorps
RunAs User: DALET\mducorps
Configuration Name: 
Machine: DLT-JP-MDUCORPS (Microsoft Windows NT 10.0.17134.0)
Host Application: C:\Windows\System32\WindowsPowerShell\v1.0\powershell.exe
Process ID: 8812
PSVersion: 5.1.17134.858
PSEdition: Desktop
PSCompatibleVersions: 1.0, 2.0, 3.0, 4.0, 5.0, 5.1.17134.858
BuildVersion: 10.0.17134.858
CLRVersion: 4.0.30319.42000
WSManStackVersion: 3.0
PSRemotingProtocolVersion: 2.3
SerializationVersion: 1.1.0.1
**********************
Transcript started, output file is .\output.log


    Directory: C:\Users\Dalet\OneDrive\Dalet\Clients\TV Asahi\Asahi Hoso - ABC\Kamata's Tests\ABC NIS WF BBackupCopier


Mode                LastWriteTime         Length Name
----                -------------         ------ ----
d-----       12/12/2019  10:01 AM                Archive12-12-100359

-> Starting Next Run at
10:02:04
---- Record ---- CurrentRun is currently at #2

-> Starting Next Run at
10:02:09
---- Record ---- CurrentRun is currently at #3

-> Starting Next Run at
10:02:13
---- Record ---- CurrentRun is currently at #4

-> Starting Next Run at
10:02:18
---- Record ---- CurrentRun is currently at #5

-> Starting Next Run at
10:02:22
---- Record ---- CurrentRun is currently at #6

-> Starting Next Run at
10:02:27
---- Record ---- CurrentRun is currently at #7

-> Starting Next Run at
10:02:31
---- Record ---- CurrentRun is currently at #8

-> Starting Next Run at
10:02:35
Ok this was the last run for Record jobs creation
waiting for the Record jobs to start in 86.4264168 Secondes
-> Starting Copy at
10:04:01


--------------------Run #1--------------------
waiting for 300 Secondes
-> Starting Next Run at
10:09:12
---- Copy ---- CurrentRun is currently at #2


--------------------Run #2--------------------
waiting for 300 Secondes
-> Starting Next Run at
10:14:25
---- Copy ---- CurrentRun is currently at #3


--------------------Run #3--------------------
waiting for 300 Secondes
-> Starting Next Run at
10:19:37
---- Copy ---- CurrentRun is currently at #4


--------------------Run #4--------------------
waiting for 300 Secondes
-> Starting Next Run at
10:24:49
---- Copy ---- CurrentRun is currently at #5


--------------------Run #5--------------------
waiting for 300 Secondes
-> Starting Next Run at
10:30:02
---- Copy ---- CurrentRun is currently at #6


--------------------Run #6--------------------
waiting for 300 Secondes
-> Starting Next Run at
10:35:15
---- Copy ---- CurrentRun is currently at #7


--------------------Run #7--------------------
waiting for 300 Secondes
-> Starting Next Run at
10:40:28
---- Copy ---- CurrentRun is currently at #8


--------------------Run #8--------------------
waiting for 300 Secondes
-> Starting Next Run at
10:45:43
Ok this was the last run for Copy jobs creation
**********************
Windows PowerShell transcript end
End time: 20191212104543
**********************
